2026-01-08 19:48:32 - ddb_node_3 - INFO - [node.py:41] - Initializing node 3
2026-01-08 19:48:32 - ddb_node_3 - INFO - [node.py:63] - Initializing communication components...
2026-01-08 19:48:32 - ddb_node_3 - INFO - [node.py:77] - Initializing database components...
2026-01-08 19:48:32 - ddb_node_3 - INFO - [node.py:104] - Initializing transaction components...
2026-01-08 19:48:32 - ddb_node_3 - INFO - [node.py:131] - Initializing monitoring components...
2026-01-08 19:48:32 - ddb_node_3 - INFO - [node.py:160] - Initializing core components...
2026-01-08 19:48:32 - ddb_node_3 - INFO - [node.py:59] - Node 3 initialized successfully
2026-01-08 19:48:32 - ddb_node_3 - INFO - [node.py:191] - Starting node 3...
2026-01-08 19:48:32 - ddb_node_3 - INFO - [node.py:203] - Node 3 started successfully
2026-01-08 19:48:32 - ddb_node_3 - INFO - [node.py:204] - Listening on port 5003
2026-01-08 19:51:40 - ddb_node_3 - INFO - [node.py:208] - Stopping node 3...
2026-01-08 19:52:05 - ddb_node_3 - INFO - [node.py:41] - Initializing node 3
2026-01-08 19:52:05 - ddb_node_3 - INFO - [node.py:63] - Initializing communication components...
2026-01-08 19:52:05 - ddb_node_3 - INFO - [node.py:77] - Initializing database components...
2026-01-08 19:52:05 - ddb_node_3 - INFO - [node.py:104] - Initializing transaction components...
2026-01-08 19:52:05 - ddb_node_3 - INFO - [node.py:131] - Initializing monitoring components...
2026-01-08 19:52:05 - ddb_node_3 - INFO - [node.py:160] - Initializing core components...
2026-01-08 19:52:05 - ddb_node_3 - INFO - [node.py:59] - Node 3 initialized successfully
2026-01-08 19:52:05 - ddb_node_3 - INFO - [node.py:191] - Starting node 3...
2026-01-08 19:52:05 - ddb_node_3 - INFO - [node.py:203] - Node 3 started successfully
2026-01-08 19:52:05 - ddb_node_3 - INFO - [node.py:204] - Listening on port 5003
2026-01-08 19:59:15 - ddb_node_3 - INFO - [node.py:208] - Stopping node 3...
2026-01-08 19:59:17 - ddb_node_3 - INFO - [node.py:41] - Initializing node 3
2026-01-08 19:59:17 - ddb_node_3 - INFO - [node.py:63] - Initializing communication components...
2026-01-08 19:59:17 - ddb_node_3 - INFO - [node.py:77] - Initializing database components...
2026-01-08 19:59:17 - ddb_node_3 - INFO - [node.py:104] - Initializing transaction components...
2026-01-08 19:59:17 - ddb_node_3 - INFO - [node.py:131] - Initializing monitoring components...
2026-01-08 19:59:17 - ddb_node_3 - INFO - [node.py:160] - Initializing core components...
2026-01-08 19:59:17 - ddb_node_3 - INFO - [node.py:59] - Node 3 initialized successfully
2026-01-08 19:59:17 - ddb_node_3 - INFO - [node.py:191] - Starting node 3...
2026-01-08 19:59:17 - ddb_node_3 - INFO - [node.py:203] - Node 3 started successfully
2026-01-08 19:59:17 - ddb_node_3 - INFO - [node.py:204] - Listening on port 5003
2026-01-08 20:00:17 - ddb_node_3 - INFO - [node.py:208] - Stopping node 3...
2026-01-08 20:00:19 - ddb_node_3 - INFO - [node.py:41] - Initializing node 3
2026-01-08 20:00:19 - ddb_node_3 - INFO - [node.py:63] - Initializing communication components...
2026-01-08 20:00:19 - ddb_node_3 - INFO - [node.py:77] - Initializing database components...
2026-01-08 20:00:19 - ddb_node_3 - INFO - [node.py:104] - Initializing transaction components...
2026-01-08 20:00:19 - ddb_node_3 - INFO - [node.py:131] - Initializing monitoring components...
2026-01-08 20:00:19 - ddb_node_3 - INFO - [node.py:160] - Initializing core components...
2026-01-08 20:00:19 - ddb_node_3 - INFO - [node.py:59] - Node 3 initialized successfully
2026-01-08 20:00:19 - ddb_node_3 - INFO - [node.py:191] - Starting node 3...
2026-01-08 20:00:19 - ddb_node_3 - INFO - [node.py:203] - Node 3 started successfully
2026-01-08 20:00:19 - ddb_node_3 - INFO - [node.py:204] - Listening on port 5003
2026-01-08 20:02:27 - ddb_node_3 - INFO - [node.py:208] - Stopping node 3...
2026-01-08 20:02:29 - ddb_node_3 - INFO - [node.py:41] - Initializing node 3
2026-01-08 20:02:29 - ddb_node_3 - INFO - [node.py:63] - Initializing communication components...
2026-01-08 20:02:29 - ddb_node_3 - INFO - [node.py:77] - Initializing database components...
2026-01-08 20:02:29 - ddb_node_3 - INFO - [node.py:104] - Initializing transaction components...
2026-01-08 20:02:29 - ddb_node_3 - INFO - [node.py:131] - Initializing monitoring components...
2026-01-08 20:02:29 - ddb_node_3 - INFO - [node.py:160] - Initializing core components...
2026-01-08 20:02:29 - ddb_node_3 - INFO - [node.py:59] - Node 3 initialized successfully
2026-01-08 20:02:29 - ddb_node_3 - INFO - [node.py:191] - Starting node 3...
2026-01-08 20:02:29 - ddb_node_3 - INFO - [node.py:203] - Node 3 started successfully
2026-01-08 20:02:29 - ddb_node_3 - INFO - [node.py:204] - Listening on port 5003
2026-01-08 20:10:18 - ddb_node_3 - INFO - [node.py:208] - Stopping node 3...
2026-01-08 20:10:20 - ddb_node_3 - INFO - [node.py:41] - Initializing node 3
2026-01-08 20:10:20 - ddb_node_3 - INFO - [node.py:63] - Initializing communication components...
2026-01-08 20:10:20 - ddb_node_3 - INFO - [node.py:77] - Initializing database components...
2026-01-08 20:10:20 - ddb_node_3 - INFO - [node.py:104] - Initializing transaction components...
2026-01-08 20:10:20 - ddb_node_3 - INFO - [node.py:131] - Initializing monitoring components...
2026-01-08 20:10:20 - ddb_node_3 - INFO - [node.py:160] - Initializing core components...
2026-01-08 20:10:20 - ddb_node_3 - INFO - [node.py:59] - Node 3 initialized successfully
2026-01-08 20:10:20 - ddb_node_3 - INFO - [node.py:191] - Starting node 3...
2026-01-08 20:10:20 - ddb_node_3 - INFO - [node.py:203] - Node 3 started successfully
2026-01-08 20:10:20 - ddb_node_3 - INFO - [node.py:204] - Listening on port 5003
2026-01-08 20:23:53 - ddb_node_3 - INFO - [node.py:41] - Initializing node 3
2026-01-08 20:23:53 - ddb_node_3 - INFO - [node.py:63] - Initializing communication components...
2026-01-08 20:23:53 - ddb_node_3 - INFO - [node.py:77] - Initializing database components...
2026-01-08 20:23:53 - ddb_node_3 - INFO - [node.py:104] - Initializing transaction components...
2026-01-08 20:23:53 - ddb_node_3 - INFO - [node.py:131] - Initializing monitoring components...
2026-01-08 20:23:53 - ddb_node_3 - INFO - [node.py:160] - Initializing core components...
2026-01-08 20:23:53 - ddb_node_3 - INFO - [node.py:59] - Node 3 initialized successfully
2026-01-08 20:26:17 - ddb_node_3 - INFO - [node.py:41] - Initializing node 3
2026-01-08 20:26:17 - ddb_node_3 - INFO - [node.py:63] - Initializing communication components...
2026-01-08 20:26:17 - ddb_node_3 - INFO - [node.py:77] - Initializing database components...
2026-01-08 20:26:17 - ddb_node_3 - INFO - [node.py:104] - Initializing transaction components...
2026-01-08 20:26:17 - ddb_node_3 - INFO - [node.py:131] - Initializing monitoring components...
2026-01-08 20:26:17 - ddb_node_3 - INFO - [node.py:160] - Initializing core components...
2026-01-08 20:26:17 - ddb_node_3 - INFO - [node.py:59] - Node 3 initialized successfully
2026-01-08 20:28:05 - ddb_node_3 - INFO - [node.py:208] - Stopping node 3...
2026-01-08 20:28:59 - ddb_node_3 - INFO - [node.py:41] - Initializing node 3
2026-01-08 20:28:59 - ddb_node_3 - INFO - [node.py:63] - Initializing communication components...
2026-01-08 20:28:59 - ddb_node_3 - INFO - [node.py:77] - Initializing database components...
2026-01-08 20:28:59 - ddb_node_3 - INFO - [node.py:104] - Initializing transaction components...
2026-01-08 20:28:59 - ddb_node_3 - INFO - [node.py:131] - Initializing monitoring components...
2026-01-08 20:28:59 - ddb_node_3 - INFO - [node.py:160] - Initializing core components...
2026-01-08 20:28:59 - ddb_node_3 - INFO - [node.py:59] - Node 3 initialized successfully
2026-01-08 20:28:59 - ddb_node_3 - INFO - [node.py:191] - Starting node 3...
2026-01-08 20:28:59 - ddb_node_3 - INFO - [node.py:203] - Node 3 started successfully
2026-01-08 20:28:59 - ddb_node_3 - INFO - [node.py:204] - Listening on port 5003
2026-01-08 20:35:09 - ddb_node_3 - INFO - [node.py:208] - Stopping node 3...
2026-01-14 17:22:59 - ddb_node_3 - INFO - [node.py:41] - Initializing node 3
2026-01-14 17:22:59 - ddb_node_3 - INFO - [node.py:63] - Initializing communication components...
2026-01-14 17:22:59 - ddb_node_3 - INFO - [node.py:77] - Initializing database components...
2026-01-14 17:22:59 - ddb_node_3 - INFO - [node.py:104] - Initializing transaction components...
2026-01-14 17:22:59 - ddb_node_3 - INFO - [node.py:131] - Initializing monitoring components...
2026-01-14 17:22:59 - ddb_node_3 - INFO - [node.py:160] - Initializing core components...
2026-01-14 17:22:59 - ddb_node_3 - INFO - [node.py:59] - Node 3 initialized successfully
2026-01-14 17:22:59 - ddb_node_3 - INFO - [node.py:191] - Starting node 3...
2026-01-14 17:22:59 - ddb_node_3 - INFO - [node.py:203] - Node 3 started successfully
2026-01-14 17:22:59 - ddb_node_3 - INFO - [node.py:204] - Listening on port 5003
2026-01-14 17:25:56 - ddb_node_3 - INFO - [node.py:208] - Stopping node 3...
2026-01-14 17:26:23 - ddb_node_3 - INFO - [node.py:41] - Initializing node 3
2026-01-14 17:26:23 - ddb_node_3 - INFO - [node.py:63] - Initializing communication components...
2026-01-14 17:26:23 - ddb_node_3 - INFO - [node.py:77] - Initializing database components...
2026-01-14 17:26:23 - ddb_node_3 - INFO - [node.py:104] - Initializing transaction components...
2026-01-14 17:26:23 - ddb_node_3 - INFO - [node.py:131] - Initializing monitoring components...
2026-01-14 17:26:23 - ddb_node_3 - INFO - [node.py:160] - Initializing core components...
2026-01-14 17:26:23 - ddb_node_3 - INFO - [node.py:59] - Node 3 initialized successfully
2026-01-14 17:26:23 - ddb_node_3 - INFO - [node.py:191] - Starting node 3...
2026-01-14 17:26:23 - ddb_node_3 - INFO - [node.py:203] - Node 3 started successfully
2026-01-14 17:26:23 - ddb_node_3 - INFO - [node.py:204] - Listening on port 5003
2026-01-14 17:48:08 - ddb_node_3 - INFO - [node.py:364] - Coordinator elected: node 3
2026-01-14 17:56:28 - ddb_node_3 - INFO - [node.py:208] - Stopping node 3...
