2026-01-08 19:48:32 - ddb_node_1 - INFO - [node.py:41] - Initializing node 1
2026-01-08 19:48:32 - ddb_node_1 - INFO - [node.py:63] - Initializing communication components...
2026-01-08 19:48:32 - ddb_node_1 - INFO - [node.py:77] - Initializing database components...
2026-01-08 19:48:32 - ddb_node_1 - INFO - [node.py:104] - Initializing transaction components...
2026-01-08 19:48:32 - ddb_node_1 - INFO - [node.py:131] - Initializing monitoring components...
2026-01-08 19:48:32 - ddb_node_1 - INFO - [node.py:160] - Initializing core components...
2026-01-08 19:48:32 - ddb_node_1 - INFO - [node.py:59] - Node 1 initialized successfully
2026-01-08 19:48:32 - ddb_node_1 - INFO - [node.py:191] - Starting node 1...
2026-01-08 19:48:32 - ddb_node_1 - INFO - [node.py:203] - Node 1 started successfully
2026-01-08 19:48:32 - ddb_node_1 - INFO - [node.py:204] - Listening on port 5001
2026-01-08 19:51:40 - ddb_node_1 - INFO - [node.py:208] - Stopping node 1...
2026-01-08 19:52:05 - ddb_node_1 - INFO - [node.py:41] - Initializing node 1
2026-01-08 19:52:05 - ddb_node_1 - INFO - [node.py:63] - Initializing communication components...
2026-01-08 19:52:05 - ddb_node_1 - INFO - [node.py:77] - Initializing database components...
2026-01-08 19:52:05 - ddb_node_1 - INFO - [node.py:104] - Initializing transaction components...
2026-01-08 19:52:05 - ddb_node_1 - INFO - [node.py:131] - Initializing monitoring components...
2026-01-08 19:52:05 - ddb_node_1 - INFO - [node.py:160] - Initializing core components...
2026-01-08 19:52:05 - ddb_node_1 - INFO - [node.py:59] - Node 1 initialized successfully
2026-01-08 19:52:05 - ddb_node_1 - INFO - [node.py:191] - Starting node 1...
2026-01-08 19:52:05 - ddb_node_1 - INFO - [node.py:203] - Node 1 started successfully
2026-01-08 19:52:05 - ddb_node_1 - INFO - [node.py:204] - Listening on port 5001
2026-01-08 19:58:42 - ddb_node_1 - ERROR - [node.py:263] - Error handling message: Object of type datetime is not JSON serializable
2026-01-08 19:59:15 - ddb_node_1 - INFO - [node.py:208] - Stopping node 1...
2026-01-08 19:59:17 - ddb_node_1 - INFO - [node.py:41] - Initializing node 1
2026-01-08 19:59:17 - ddb_node_1 - INFO - [node.py:63] - Initializing communication components...
2026-01-08 19:59:17 - ddb_node_1 - INFO - [node.py:77] - Initializing database components...
2026-01-08 19:59:17 - ddb_node_1 - INFO - [node.py:104] - Initializing transaction components...
2026-01-08 19:59:17 - ddb_node_1 - INFO - [node.py:131] - Initializing monitoring components...
2026-01-08 19:59:17 - ddb_node_1 - INFO - [node.py:160] - Initializing core components...
2026-01-08 19:59:17 - ddb_node_1 - INFO - [node.py:59] - Node 1 initialized successfully
2026-01-08 19:59:17 - ddb_node_1 - INFO - [node.py:191] - Starting node 1...
2026-01-08 19:59:17 - ddb_node_1 - INFO - [node.py:203] - Node 1 started successfully
2026-01-08 19:59:17 - ddb_node_1 - INFO - [node.py:204] - Listening on port 5001
2026-01-08 19:59:46 - ddb_node_1 - ERROR - [node.py:263] - Error handling message: Object of type datetime is not JSON serializable
2026-01-08 20:00:17 - ddb_node_1 - INFO - [node.py:208] - Stopping node 1...
2026-01-08 20:00:19 - ddb_node_1 - INFO - [node.py:41] - Initializing node 1
2026-01-08 20:00:19 - ddb_node_1 - INFO - [node.py:63] - Initializing communication components...
2026-01-08 20:00:19 - ddb_node_1 - INFO - [node.py:77] - Initializing database components...
2026-01-08 20:00:19 - ddb_node_1 - INFO - [node.py:104] - Initializing transaction components...
2026-01-08 20:00:19 - ddb_node_1 - INFO - [node.py:131] - Initializing monitoring components...
2026-01-08 20:00:19 - ddb_node_1 - INFO - [node.py:160] - Initializing core components...
2026-01-08 20:00:19 - ddb_node_1 - INFO - [node.py:59] - Node 1 initialized successfully
2026-01-08 20:00:19 - ddb_node_1 - INFO - [node.py:191] - Starting node 1...
2026-01-08 20:00:19 - ddb_node_1 - INFO - [node.py:203] - Node 1 started successfully
2026-01-08 20:00:19 - ddb_node_1 - INFO - [node.py:204] - Listening on port 5001
2026-01-08 20:02:27 - ddb_node_1 - INFO - [node.py:208] - Stopping node 1...
2026-01-08 20:02:29 - ddb_node_1 - INFO - [node.py:41] - Initializing node 1
2026-01-08 20:02:29 - ddb_node_1 - INFO - [node.py:63] - Initializing communication components...
2026-01-08 20:02:29 - ddb_node_1 - INFO - [node.py:77] - Initializing database components...
2026-01-08 20:02:29 - ddb_node_1 - INFO - [node.py:104] - Initializing transaction components...
2026-01-08 20:02:29 - ddb_node_1 - INFO - [node.py:131] - Initializing monitoring components...
2026-01-08 20:02:29 - ddb_node_1 - INFO - [node.py:160] - Initializing core components...
2026-01-08 20:02:29 - ddb_node_1 - INFO - [node.py:59] - Node 1 initialized successfully
2026-01-08 20:02:29 - ddb_node_1 - INFO - [node.py:191] - Starting node 1...
2026-01-08 20:02:29 - ddb_node_1 - INFO - [node.py:203] - Node 1 started successfully
2026-01-08 20:02:29 - ddb_node_1 - INFO - [node.py:204] - Listening on port 5001
2026-01-08 20:10:18 - ddb_node_1 - INFO - [node.py:208] - Stopping node 1...
2026-01-08 20:10:20 - ddb_node_1 - INFO - [node.py:41] - Initializing node 1
2026-01-08 20:10:20 - ddb_node_1 - INFO - [node.py:63] - Initializing communication components...
2026-01-08 20:10:20 - ddb_node_1 - INFO - [node.py:77] - Initializing database components...
2026-01-08 20:10:20 - ddb_node_1 - INFO - [node.py:104] - Initializing transaction components...
2026-01-08 20:10:20 - ddb_node_1 - INFO - [node.py:131] - Initializing monitoring components...
2026-01-08 20:10:20 - ddb_node_1 - INFO - [node.py:160] - Initializing core components...
2026-01-08 20:10:20 - ddb_node_1 - INFO - [node.py:59] - Node 1 initialized successfully
2026-01-08 20:10:20 - ddb_node_1 - INFO - [node.py:191] - Starting node 1...
2026-01-08 20:10:20 - ddb_node_1 - INFO - [node.py:203] - Node 1 started successfully
2026-01-08 20:10:20 - ddb_node_1 - INFO - [node.py:204] - Listening on port 5001
2026-01-08 20:23:42 - ddb_node_1 - INFO - [node.py:41] - Initializing node 1
2026-01-08 20:23:42 - ddb_node_1 - INFO - [node.py:63] - Initializing communication components...
2026-01-08 20:23:42 - ddb_node_1 - INFO - [node.py:77] - Initializing database components...
2026-01-08 20:23:42 - ddb_node_1 - INFO - [node.py:104] - Initializing transaction components...
2026-01-08 20:23:42 - ddb_node_1 - INFO - [node.py:131] - Initializing monitoring components...
2026-01-08 20:23:42 - ddb_node_1 - INFO - [node.py:160] - Initializing core components...
2026-01-08 20:23:42 - ddb_node_1 - INFO - [node.py:59] - Node 1 initialized successfully
2026-01-08 20:28:17 - ddb_node_1 - INFO - [node.py:353] - Triggering coordinator election
2026-01-08 20:28:17 - ddb_node_1 - INFO - [node.py:364] - Coordinator elected: node 2
2026-01-08 20:35:09 - ddb_node_1 - INFO - [node.py:208] - Stopping node 1...
2026-01-14 17:22:59 - ddb_node_1 - INFO - [node.py:41] - Initializing node 1
2026-01-14 17:22:59 - ddb_node_1 - INFO - [node.py:63] - Initializing communication components...
2026-01-14 17:22:59 - ddb_node_1 - INFO - [node.py:77] - Initializing database components...
2026-01-14 17:22:59 - ddb_node_1 - INFO - [node.py:104] - Initializing transaction components...
2026-01-14 17:22:59 - ddb_node_1 - INFO - [node.py:131] - Initializing monitoring components...
2026-01-14 17:22:59 - ddb_node_1 - INFO - [node.py:160] - Initializing core components...
2026-01-14 17:22:59 - ddb_node_1 - INFO - [node.py:59] - Node 1 initialized successfully
2026-01-14 17:22:59 - ddb_node_1 - INFO - [node.py:191] - Starting node 1...
2026-01-14 17:22:59 - ddb_node_1 - INFO - [node.py:203] - Node 1 started successfully
2026-01-14 17:22:59 - ddb_node_1 - INFO - [node.py:204] - Listening on port 5001
2026-01-14 17:25:56 - ddb_node_1 - INFO - [node.py:208] - Stopping node 1...
2026-01-14 17:26:23 - ddb_node_1 - INFO - [node.py:41] - Initializing node 1
2026-01-14 17:26:23 - ddb_node_1 - INFO - [node.py:63] - Initializing communication components...
2026-01-14 17:26:23 - ddb_node_1 - INFO - [node.py:77] - Initializing database components...
2026-01-14 17:26:23 - ddb_node_1 - INFO - [node.py:104] - Initializing transaction components...
2026-01-14 17:26:23 - ddb_node_1 - INFO - [node.py:131] - Initializing monitoring components...
2026-01-14 17:26:23 - ddb_node_1 - INFO - [node.py:160] - Initializing core components...
2026-01-14 17:26:23 - ddb_node_1 - INFO - [node.py:59] - Node 1 initialized successfully
2026-01-14 17:26:23 - ddb_node_1 - INFO - [node.py:191] - Starting node 1...
2026-01-14 17:26:23 - ddb_node_1 - INFO - [node.py:203] - Node 1 started successfully
2026-01-14 17:26:23 - ddb_node_1 - INFO - [node.py:204] - Listening on port 5001
2026-01-14 17:48:08 - ddb_node_1 - INFO - [node.py:353] - Triggering coordinator election
2026-01-14 17:56:28 - ddb_node_1 - INFO - [node.py:208] - Stopping node 1...
2026-01-17 22:25:13 - ddb_node_1 - INFO - [node.py:30] - Initializing node 1
2026-01-17 22:25:13 - ddb_node_1 - INFO - [node.py:50] - Initializing communication components...
2026-01-17 22:25:13 - ddb_node_1 - INFO - [node.py:62] - Initializing database components...
2026-01-17 22:25:13 - ddb_node_1 - INFO - [node.py:86] - Initializing transaction components...
2026-01-17 22:25:13 - ddb_node_1 - INFO - [node.py:109] - Initializing monitoring components...
2026-01-17 22:25:13 - ddb_node_1 - INFO - [node.py:135] - Initializing core components...
2026-01-17 22:25:13 - ddb_node_1 - INFO - [node.py:46] - Node 1 initialized successfully
2026-01-17 22:25:13 - ddb_node_1 - INFO - [node.py:163] - Starting node 1...
2026-01-17 22:25:13 - ddb_node_1 - INFO - [node.py:172] - Node 1 started successfully
2026-01-17 22:25:13 - ddb_node_1 - INFO - [node.py:173] - Listening on port 5001
2026-01-17 23:03:11 - ddb_node_1 - INFO - [node.py:309] - Coordinator elected: node 2
2026-01-17 23:03:48 - ddb_node_1 - INFO - [node.py:177] - Stopping node 1...
2026-01-17 23:03:48 - ddb_node_1 - INFO - [node.py:177] - Stopping node 1...
2026-01-18 00:34:10 - ddb_node_1 - INFO - [node.py:30] - Initializing node 1
2026-01-18 00:34:10 - ddb_node_1 - INFO - [node.py:50] - Initializing communication components...
2026-01-18 00:34:10 - ddb_node_1 - INFO - [node.py:62] - Initializing database components...
2026-01-18 00:34:10 - ddb_node_1 - INFO - [node.py:86] - Initializing transaction components...
2026-01-18 00:34:10 - ddb_node_1 - INFO - [node.py:109] - Initializing monitoring components...
2026-01-18 00:34:10 - ddb_node_1 - INFO - [node.py:135] - Initializing core components...
2026-01-18 00:34:10 - ddb_node_1 - INFO - [node.py:46] - Node 1 initialized successfully
2026-01-18 00:34:10 - ddb_node_1 - INFO - [node.py:163] - Starting node 1...
2026-01-18 00:34:10 - ddb_node_1 - INFO - [node.py:172] - Node 1 started successfully
2026-01-18 00:34:10 - ddb_node_1 - INFO - [node.py:173] - Listening on port 5001
2026-01-18 00:47:03 - ddb_node_1 - INFO - [node.py:177] - Stopping node 1...
2026-01-18 00:47:37 - ddb_node_1 - INFO - [node.py:30] - Initializing node 1
2026-01-18 00:47:37 - ddb_node_1 - INFO - [node.py:50] - Initializing communication components...
2026-01-18 00:47:37 - ddb_node_1 - INFO - [node.py:62] - Initializing database components...
2026-01-18 00:47:37 - ddb_node_1 - INFO - [node.py:86] - Initializing transaction components...
2026-01-18 00:47:37 - ddb_node_1 - INFO - [node.py:110] - Initializing monitoring components...
2026-01-18 00:47:37 - ddb_node_1 - INFO - [node.py:136] - Initializing core components...
2026-01-18 00:47:37 - ddb_node_1 - INFO - [node.py:46] - Node 1 initialized successfully
2026-01-18 00:47:37 - ddb_node_1 - INFO - [node.py:164] - Starting node 1...
2026-01-18 00:47:37 - ddb_node_1 - INFO - [node.py:173] - Node 1 started successfully
2026-01-18 00:47:37 - ddb_node_1 - INFO - [node.py:174] - Listening on port 5001
